#
# There is insufficient memory for the Java Runtime Environment to continue.
# Native memory allocation (mmap) failed to map 65536 bytes for Failed to commit metaspace.
# Possible reasons:
#   The system is out of physical RAM or swap space
#   The process is running with CompressedOops enabled, and the Java Heap may be blocking the growth of the native heap
# Possible solutions:
#   Reduce memory load on the system
#   Increase physical memory or swap space
#   Check if swap backing store is full
#   Decrease Java heap size (-Xmx/-Xms)
#   Decrease number of Java threads
#   Decrease Java thread stack sizes (-Xss)
#   Set larger code cache with -XX:ReservedCodeCacheSize=
#   JVM is running with Zero Based Compressed Oops mode in which the Java heap is
#     placed in the first 32GB address space. The Java Heap base address is the
#     maximum limit for the native heap growth. Please use -XX:HeapBaseMinAddress
#     to set the Java Heap base and to place the Java Heap above 32GB virtual address.
# This output file may be truncated or incomplete.
#
#  Out of Memory Error (virtualSpaceNode.cpp:110), pid=31144, tid=44292
#
# JRE version: OpenJDK Runtime Environment Temurin-17.0.7+7 (17.0.7+7) (build 17.0.7+7)
# Java VM: OpenJDK 64-Bit Server VM Temurin-17.0.7+7 (17.0.7+7, mixed mode, tiered, compressed oops, compressed class ptrs, g1 gc, windows-amd64)
# No core dump will be written. Minidumps are not enabled by default on client versions of Windows
#

---------------  S U M M A R Y ------------

Command Line: -Dfile.encoding=UTF-8 -XX:+ShowCodeDetailsInExceptionMessages org.sp.tproject.main.view.MainFrame

Host: 12th Gen Intel(R) Core(TM) i5-12400, 12 cores, 15G,  Windows 10 , 64 bit Build 19041 (10.0.19041.3155)
Time: Mon Aug  7 16:15:42 2023  Windows 10 , 64 bit Build 19041 (10.0.19041.3155) elapsed time: 0.241104 seconds (0d 0h 0m 0s)

---------------  T H R E A D  ---------------

Current thread (0x00000225e203b7f0):  JavaThread "main" [_thread_in_vm, id=44292, stack(0x000000c252f00000,0x000000c253000000)]

Stack: [0x000000c252f00000,0x000000c253000000]
Native frames: (J=compiled Java code, j=interpreted, Vv=VM code, C=native code)
V  [jvm.dll+0x67754a]
V  [jvm.dll+0x834304]
V  [jvm.dll+0x835aae]
V  [jvm.dll+0x836113]
V  [jvm.dll+0x24696f]
V  [jvm.dll+0x83039b]
V  [jvm.dll+0x61c006]
V  [jvm.dll+0x61c06a]
V  [jvm.dll+0x61e89a]
V  [jvm.dll+0x61c9a6]
V  [jvm.dll+0x626887]
V  [jvm.dll+0x1eb47b]
V  [jvm.dll+0x1eb9b5]
V  [jvm.dll+0x1ec3ef]
V  [jvm.dll+0x1e1891]
V  [jvm.dll+0x53ea50]
V  [jvm.dll+0x1f2067]
V  [jvm.dll+0x7af05b]
V  [jvm.dll+0x7b0402]
V  [jvm.dll+0x7b0738]
V  [jvm.dll+0x23ec6e]
V  [jvm.dll+0x380a4e]
C  0x00000225eecbb6ee

Java frames: (J=compiled Java code, j=interpreted, Vv=VM code)
j  jdk.internal.math.FloatingDecimal.<clinit>()V+72 java.base@17.0.7
v  ~StubRoutines::call_stub
j  java.lang.Double.parseDouble(Ljava/lang/String;)D+1 java.base@17.0.7
j  java.security.Provider.parseVersionStr(Ljava/lang/String;)D+66 java.base@17.0.7
j  java.security.Provider.<init>(Ljava/lang/String;Ljava/lang/String;Ljava/lang/String;)V+26 java.base@17.0.7
j  sun.security.jca.ProviderList$1.<init>(Ljava/lang/String;Ljava/lang/String;Ljava/lang/String;)V+4 java.base@17.0.7
j  sun.security.jca.ProviderList.<clinit>()V+57 java.base@17.0.7
v  ~StubRoutines::call_stub
j  sun.security.jca.Providers.<clinit>()V+10 java.base@17.0.7
v  ~StubRoutines::call_stub
j  java.security.SecureRandom.getDefaultPRNG(Z[B)V+5 java.base@17.0.7
j  java.security.SecureRandom.<init>()V+23 java.base@17.0.7
j  java.nio.file.TempFileHelper.<clinit>()V+33 java.base@17.0.7
v  ~StubRoutines::call_stub
j  java.nio.file.Files.createTempFile(Ljava/lang/String;Ljava/lang/String;[Ljava/nio/file/attribute/FileAttribute;)Ljava/nio/file/Path;+4 java.base@17.0.7
j  javax.imageio.stream.FileCacheImageInputStream.<init>(Ljava/io/InputStream;Ljava/io/File;)V+76 java.desktop@17.0.7
j  com.sun.imageio.spi.InputStreamImageInputStreamSpi.createInputStreamInstance(Ljava/lang/Object;ZLjava/io/File;)Ljavax/imageio/stream/ImageInputStream;+24 java.desktop@17.0.7
j  javax.imageio.ImageIO.createImageInputStream(Ljava/lang/Object;)Ljavax/imageio/stream/ImageInputStream;+84 java.desktop@17.0.7
j  javax.imageio.ImageIO.read(Ljava/net/URL;)Ljava/awt/image/BufferedImage;+38 java.desktop@17.0.7
j  org.sp.tproject.main.view.MainFrame.createNavi()V+27
j  org.sp.tproject.main.view.MainFrame.<init>()V+69
j  org.sp.tproject.main.view.MainFrame.main([Ljava/lang/String;)V+3
v  ~StubRoutines::call_stub

---------------  P R O C E S S  ---------------

Threads class SMR info:
_java_thread_list=0x000002258861fa40, length=15, elements={
0x00000225e203b7f0, 0x000002258803e420, 0x000002258803f8a0, 0x000002258808a110,
0x000002258808aad0, 0x00000225880a9eb0, 0x00000225880acc70, 0x00000225880ad950,
0x00000225880b9850, 0x00000225880bd560, 0x000002258821b1f0, 0x000002258822f010,
0x000002258861e710, 0x000002258861ebe0, 0x00000225886210c0
}

Java Threads: ( => current thread )
=>0x00000225e203b7f0 JavaThread "main" [_thread_in_vm, id=44292, stack(0x000000c252f00000,0x000000c253000000)]
  0x000002258803e420 JavaThread "Reference Handler" daemon [_thread_blocked, id=14788, stack(0x000000c253600000,0x000000c253700000)]
  0x000002258803f8a0 JavaThread "Finalizer" daemon [_thread_blocked, id=46984, stack(0x000000c253700000,0x000000c253800000)]
  0x000002258808a110 JavaThread "Signal Dispatcher" daemon [_thread_blocked, id=41796, stack(0x000000c253800000,0x000000c253900000)]
  0x000002258808aad0 JavaThread "Attach Listener" daemon [_thread_blocked, id=35228, stack(0x000000c253900000,0x000000c253a00000)]
  0x00000225880a9eb0 JavaThread "Service Thread" daemon [_thread_blocked, id=44224, stack(0x000000c253a00000,0x000000c253b00000)]
  0x00000225880acc70 JavaThread "Monitor Deflation Thread" daemon [_thread_blocked, id=38200, stack(0x000000c253b00000,0x000000c253c00000)]
  0x00000225880ad950 JavaThread "C2 CompilerThread0" daemon [_thread_blocked, id=45696, stack(0x000000c253c00000,0x000000c253d00000)]
  0x00000225880b9850 JavaThread "C1 CompilerThread0" daemon [_thread_blocked, id=11272, stack(0x000000c253d00000,0x000000c253e00000)]
  0x00000225880bd560 JavaThread "Sweeper thread" daemon [_thread_blocked, id=7172, stack(0x000000c253e00000,0x000000c253f00000)]
  0x000002258821b1f0 JavaThread "Notification Thread" daemon [_thread_blocked, id=45820, stack(0x000000c253f00000,0x000000c254000000)]
  0x000002258822f010 JavaThread "Common-Cleaner" daemon [_thread_blocked, id=41056, stack(0x000000c254100000,0x000000c254200000)]
  0x000002258861e710 JavaThread "Java2D Disposer" daemon [_thread_blocked, id=46076, stack(0x000000c254200000,0x000000c254300000)]
  0x000002258861ebe0 JavaThread "AWT-Shutdown" [_thread_blocked, id=35340, stack(0x000000c254300000,0x000000c254400000)]
  0x00000225886210c0 JavaThread "AWT-Windows" daemon [_thread_in_native, id=46028, stack(0x000000c254400000,0x000000c254500000)]

Other Threads:
  0x00000225feffff10 VMThread "VM Thread" [stack: 0x000000c253500000,0x000000c253600000] [id=13052]
  0x00000225e4131ea0 WatcherThread [stack: 0x000000c254000000,0x000000c254100000] [id=46052]
  0x00000225e41150e0 GCTaskThread "GC Thread#0" [stack: 0x000000c253000000,0x000000c253100000] [id=45952]
  0x00000225e4125bb0 ConcurrentGCThread "G1 Main Marker" [stack: 0x000000c253100000,0x000000c253200000] [id=46472]
  0x00000225e41265c0 ConcurrentGCThread "G1 Conc#0" [stack: 0x000000c253200000,0x000000c253300000] [id=37572]
  0x00000225e417ea80 ConcurrentGCThread "G1 Refine#0" [stack: 0x000000c253300000,0x000000c253400000] [id=46072]
  0x00000225fee98650 ConcurrentGCThread "G1 Service" [stack: 0x000000c253400000,0x000000c253500000] [id=37392]

Threads with active compile tasks:

VM state: not at safepoint (normal execution)

VM Mutex/Monitor currently owned by a thread:  ([mutex/lock_event])
[0x00000225e40a5880] Metaspace_lock - owner thread: 0x00000225e203b7f0

Heap address: 0x0000000704600000, size: 4026 MB, Compressed Oops mode: Zero based, Oop shift amount: 3

CDS archive(s) not mapped
Compressed class space mapped at: 0x0000000800000000-0x0000000840000000, reserved size: 1073741824
Narrow klass base: 0x0000000800000000, Narrow klass shift: 0, Narrow klass range: 0x40000000

GC Precious Log:
 CPUs: 12 total, 12 available
 Memory: 16099M
 Large Page Support: Disabled
 NUMA Support: Disabled
 Compressed Oops: Enabled (Zero based)
 Heap Region Size: 2M
 Heap Min Capacity: 8M
 Heap Initial Capacity: 252M
 Heap Max Capacity: 4026M
 Pre-touch: Disabled
 Parallel Workers: 10
 Concurrent Workers: 3
 Concurrent Refinement Workers: 10
 Periodic GC: Disabled

Heap:
 garbage-first heap   total 258048K, used 4096K [0x0000000704600000, 0x0000000800000000)
  region size 2048K, 3 young (6144K), 0 survivors (0K)
 Metaspace       used 10826K, committed 10944K, reserved 1114112K
  class space    used 1030K, committed 1088K, reserved 1048576K

Heap Regions: E=young(eden), S=young(survivor), O=old, HS=humongous(starts), HC=humongous(continues), CS=collection set, F=free, OA=open archive, CA=closed archive, TAMS=top-at-mark-start (previous, next)
|   0|0x0000000704600000, 0x0000000704600000, 0x0000000704800000|  0%| F|  |TAMS 0x0000000704600000, 0x0000000704600000| Untracked 
|   1|0x0000000704800000, 0x0000000704800000, 0x0000000704a00000|  0%| F|  |TAMS 0x0000000704800000, 0x0000000704800000| Untracked 
|   2|0x0000000704a00000, 0x0000000704a00000, 0x0000000704c00000|  0%| F|  |TAMS 0x0000000704a00000, 0x0000000704a00000| Untracked 
|   3|0x0000000704c00000, 0x0000000704c00000, 0x0000000704e00000|  0%| F|  |TAMS 0x0000000704c00000, 0x0000000704c00000| Untracked 
|   4|0x0000000704e00000, 0x0000000704e00000, 0x0000000705000000|  0%| F|  |TAMS 0x0000000704e00000, 0x0000000704e00000| Untracked 
|   5|0x0000000705000000, 0x0000000705000000, 0x0000000705200000|  0%| F|  |TAMS 0x0000000705000000, 0x0000000705000000| Untracked 
|   6|0x0000000705200000, 0x0000000705200000, 0x0000000705400000|  0%| F|  |TAMS 0x0000000705200000, 0x0000000705200000| Untracked 
|   7|0x0000000705400000, 0x0000000705400000, 0x0000000705600000|  0%| F|  |TAMS 0x0000000705400000, 0x0000000705400000| Untracked 
|   8|0x0000000705600000, 0x0000000705600000, 0x0000000705800000|  0%| F|  |TAMS 0x0000000705600000, 0x0000000705600000| Untracked 
|   9|0x0000000705800000, 0x0000000705800000, 0x0000000705a00000|  0%| F|  |TAMS 0x0000000705800000, 0x0000000705800000| Untracked 
|  10|0x0000000705a00000, 0x0000000705a00000, 0x0000000705c00000|  0%| F|  |TAMS 0x0000000705a00000, 0x0000000705a00000| Untracked 
|  11|0x0000000705c00000, 0x0000000705c00000, 0x0000000705e00000|  0%| F|  |TAMS 0x0000000705c00000, 0x0000000705c00000| Untracked 
|  12|0x0000000705e00000, 0x0000000705e00000, 0x0000000706000000|  0%| F|  |TAMS 0x0000000705e00000, 0x0000000705e00000| Untracked 
|  13|0x0000000706000000, 0x0000000706000000, 0x0000000706200000|  0%| F|  |TAMS 0x0000000706000000, 0x0000000706000000| Untracked 
|  14|0x0000000706200000, 0x0000000706200000, 0x0000000706400000|  0%| F|  |TAMS 0x0000000706200000, 0x0000000706200000| Untracked 
|  15|0x0000000706400000, 0x0000000706400000, 0x0000000706600000|  0%| F|  |TAMS 0x0000000706400000, 0x0000000706400000| Untracked 
|  16|0x0000000706600000, 0x0000000706600000, 0x0000000706800000|  0%| F|  |TAMS 0x0000000706600000, 0x0000000706600000| Untracked 
|  17|0x0000000706800000, 0x0000000706800000, 0x0000000706a00000|  0%| F|  |TAMS 0x0000000706800000, 0x0000000706800000| Untracked 
|  18|0x0000000706a00000, 0x0000000706a00000, 0x0000000706c00000|  0%| F|  |TAMS 0x0000000706a00000, 0x0000000706a00000| Untracked 
|  19|0x0000000706c00000, 0x0000000706c00000, 0x0000000706e00000|  0%| F|  |TAMS 0x0000000706c00000, 0x0000000706c00000| Untracked 
|  20|0x0000000706e00000, 0x0000000706e00000, 0x0000000707000000|  0%| F|  |TAMS 0x0000000706e00000, 0x0000000706e00000| Untracked 
|  21|0x0000000707000000, 0x0000000707000000, 0x0000000707200000|  0%| F|  |TAMS 0x0000000707000000, 0x0000000707000000| Untracked 
|  22|0x0000000707200000, 0x0000000707200000, 0x0000000707400000|  0%| F|  |TAMS 0x0000000707200000, 0x0000000707200000| Untracked 
|  23|0x0000000707400000, 0x0000000707400000, 0x0000000707600000|  0%| F|  |TAMS 0x0000000707400000, 0x0000000707400000| Untracked 
|  24|0x0000000707600000, 0x0000000707600000, 0x0000000707800000|  0%| F|  |TAMS 0x0000000707600000, 0x0000000707600000| Untracked 
|  25|0x0000000707800000, 0x0000000707800000, 0x0000000707a00000|  0%| F|  |TAMS 0x0000000707800000, 0x0000000707800000| Untracked 
|  26|0x0000000707a00000, 0x0000000707a00000, 0x0000000707c00000|  0%| F|  |TAMS 0x0000000707a00000, 0x0000000707a00000| Untracked 
|  27|0x0000000707c00000, 0x0000000707c00000, 0x0000000707e00000|  0%| F|  |TAMS 0x0000000707c00000, 0x0000000707c00000| Untracked 
|  28|0x0000000707e00000, 0x0000000707e00000, 0x0000000708000000|  0%| F|  |TAMS 0x0000000707e00000, 0x0000000707e00000| Untracked 
|  29|0x0000000708000000, 0x0000000708000000, 0x0000000708200000|  0%| F|  |TAMS 0x0000000708000000, 0x0000000708000000| Untracked 
|  30|0x0000000708200000, 0x0000000708200000, 0x0000000708400000|  0%| F|  |TAMS 0x0000000708200000, 0x0000000708200000| Untracked 
|  31|0x0000000708400000, 0x0000000708400000, 0x0000000708600000|  0%| F|  |TAMS 0x0000000708400000, 0x0000000708400000| Untracked 
|  32|0x0000000708600000, 0x0000000708600000, 0x0000000708800000|  0%| F|  |TAMS 0x0000000708600000, 0x0000000708600000| Untracked 
|  33|0x0000000708800000, 0x0000000708800000, 0x0000000708a00000|  0%| F|  |TAMS 0x0000000708800000, 0x0000000708800000| Untracked 
|  34|0x0000000708a00000, 0x0000000708a00000, 0x0000000708c00000|  0%| F|  |TAMS 0x0000000708a00000, 0x0000000708a00000| Untracked 
|  35|0x0000000708c00000, 0x0000000708c00000, 0x0000000708e00000|  0%| F|  |TAMS 0x0000000708c00000, 0x0000000708c00000| Untracked 
|  36|0x0000000708e00000, 0x0000000708e00000, 0x0000000709000000|  0%| F|  |TAMS 0x0000000708e00000, 0x0000000708e00000| Untracked 
|  37|0x0000000709000000, 0x0000000709000000, 0x0000000709200000|  0%| F|  |TAMS 0x0000000709000000, 0x0000000709000000| Untracked 
|  38|0x0000000709200000, 0x0000000709200000, 0x0000000709400000|  0%| F|  |TAMS 0x0000000709200000, 0x0000000709200000| Untracked 
|  39|0x0000000709400000, 0x0000000709400000, 0x0000000709600000|  0%| F|  |TAMS 0x0000000709400000, 0x0000000709400000| Untracked 
|  40|0x0000000709600000, 0x0000000709600000, 0x0000000709800000|  0%| F|  |TAMS 0x0000000709600000, 0x0000000709600000| Untracked 
|  41|0x0000000709800000, 0x0000000709800000, 0x0000000709a00000|  0%| F|  |TAMS 0x0000000709800000, 0x0000000709800000| Untracked 
|  42|0x0000000709a00000, 0x0000000709a00000, 0x0000000709c00000|  0%| F|  |TAMS 0x0000000709a00000, 0x0000000709a00000| Untracked 
|  43|0x0000000709c00000, 0x0000000709c00000, 0x0000000709e00000|  0%| F|  |TAMS 0x0000000709c00000, 0x0000000709c00000| Untracked 
|  44|0x0000000709e00000, 0x0000000709e00000, 0x000000070a000000|  0%| F|  |TAMS 0x0000000709e00000, 0x0000000709e00000| Untracked 
|  45|0x000000070a000000, 0x000000070a000000, 0x000000070a200000|  0%| F|  |TAMS 0x000000070a000000, 0x000000070a000000| Untracked 
|  46|0x000000070a200000, 0x000000070a200000, 0x000000070a400000|  0%| F|  |TAMS 0x000000070a200000, 0x000000070a200000| Untracked 
|  47|0x000000070a400000, 0x000000070a400000, 0x000000070a600000|  0%| F|  |TAMS 0x000000070a400000, 0x000000070a400000| Untracked 
|  48|0x000000070a600000, 0x000000070a600000, 0x000000070a800000|  0%| F|  |TAMS 0x000000070a600000, 0x000000070a600000| Untracked 
|  49|0x000000070a800000, 0x000000070a800000, 0x000000070aa00000|  0%| F|  |TAMS 0x000000070a800000, 0x000000070a800000| Untracked 
|  50|0x000000070aa00000, 0x000000070aa00000, 0x000000070ac00000|  0%| F|  |TAMS 0x000000070aa00000, 0x000000070aa00000| Untracked 
|  51|0x000000070ac00000, 0x000000070ac00000, 0x000000070ae00000|  0%| F|  |TAMS 0x000000070ac00000, 0x000000070ac00000| Untracked 
|  52|0x000000070ae00000, 0x000000070ae00000, 0x000000070b000000|  0%| F|  |TAMS 0x000000070ae00000, 0x000000070ae00000| Untracked 
|  53|0x000000070b000000, 0x000000070b000000, 0x000000070b200000|  0%| F|  |TAMS 0x000000070b000000, 0x000000070b000000| Untracked 
|  54|0x000000070b200000, 0x000000070b200000, 0x000000070b400000|  0%| F|  |TAMS 0x000000070b200000, 0x000000070b200000| Untracked 
|  55|0x000000070b400000, 0x000000070b400000, 0x000000070b600000|  0%| F|  |TAMS 0x000000070b400000, 0x000000070b400000| Untracked 
|  56|0x000000070b600000, 0x000000070b600000, 0x000000070b800000|  0%| F|  |TAMS 0x000000070b600000, 0x000000070b600000| Untracked 
|  57|0x000000070b800000, 0x000000070b800000, 0x000000070ba00000|  0%| F|  |TAMS 0x000000070b800000, 0x000000070b800000| Untracked 
|  58|0x000000070ba00000, 0x000000070ba00000, 0x000000070bc00000|  0%| F|  |TAMS 0x000000070ba00000, 0x000000070ba00000| Untracked 
|  59|0x000000070bc00000, 0x000000070bc00000, 0x000000070be00000|  0%| F|  |TAMS 0x000000070bc00000, 0x000000070bc00000| Untracked 
|  60|0x000000070be00000, 0x000000070be00000, 0x000000070c000000|  0%| F|  |TAMS 0x000000070be00000, 0x000000070be00000| Untracked 
|  61|0x000000070c000000, 0x000000070c000000, 0x000000070c200000|  0%| F|  |TAMS 0x000000070c000000, 0x000000070c000000| Untracked 
|  62|0x000000070c200000, 0x000000070c200000, 0x000000070c400000|  0%| F|  |TAMS 0x000000070c200000, 0x000000070c200000| Untracked 
|  63|0x000000070c400000, 0x000000070c400000, 0x000000070c600000|  0%| F|  |TAMS 0x000000070c400000, 0x000000070c400000| Untracked 
|  64|0x000000070c600000, 0x000000070c600000, 0x000000070c800000|  0%| F|  |TAMS 0x000000070c600000, 0x000000070c600000| Untracked 
|  65|0x000000070c800000, 0x000000070c800000, 0x000000070ca00000|  0%| F|  |TAMS 0x000000070c800000, 0x000000070c800000| Untracked 
|  66|0x000000070ca00000, 0x000000070ca00000, 0x000000070cc00000|  0%| F|  |TAMS 0x000000070ca00000, 0x000000070ca00000| Untracked 
|  67|0x000000070cc00000, 0x000000070cc00000, 0x000000070ce00000|  0%| F|  |TAMS 0x000000070cc00000, 0x000000070cc00000| Untracked 
|  68|0x000000070ce00000, 0x000000070ce00000, 0x000000070d000000|  0%| F|  |TAMS 0x000000070ce00000, 0x000000070ce00000| Untracked 
|  69|0x000000070d000000, 0x000000070d000000, 0x000000070d200000|  0%| F|  |TAMS 0x000000070d000000, 0x000000070d000000| Untracked 
|  70|0x000000070d200000, 0x000000070d200000, 0x000000070d400000|  0%| F|  |TAMS 0x000000070d200000, 0x000000070d200000| Untracked 
|  71|0x000000070d400000, 0x000000070d400000, 0x000000070d600000|  0%| F|  |TAMS 0x000000070d400000, 0x000000070d400000| Untracked 
|  72|0x000000070d600000, 0x000000070d600000, 0x000000070d800000|  0%| F|  |TAMS 0x000000070d600000, 0x000000070d600000| Untracked 
|  73|0x000000070d800000, 0x000000070d800000, 0x000000070da00000|  0%| F|  |TAMS 0x000000070d800000, 0x000000070d800000| Untracked 
|  74|0x000000070da00000, 0x000000070da00000, 0x000000070dc00000|  0%| F|  |TAMS 0x000000070da00000, 0x000000070da00000| Untracked 
|  75|0x000000070dc00000, 0x000000070dc00000, 0x000000070de00000|  0%| F|  |TAMS 0x000000070dc00000, 0x000000070dc00000| Untracked 
|  76|0x000000070de00000, 0x000000070de00000, 0x000000070e000000|  0%| F|  |TAMS 0x000000070de00000, 0x000000070de00000| Untracked 
|  77|0x000000070e000000, 0x000000070e000000, 0x000000070e200000|  0%| F|  |TAMS 0x000000070e000000, 0x000000070e000000| Untracked 
|  78|0x000000070e200000, 0x000000070e200000, 0x000000070e400000|  0%| F|  |TAMS 0x000000070e200000, 0x000000070e200000| Untracked 
|  79|0x000000070e400000, 0x000000070e400000, 0x000000070e600000|  0%| F|  |TAMS 0x000000070e400000, 0x000000070e400000| Untracked 
|  80|0x000000070e600000, 0x000000070e600000, 0x000000070e800000|  0%| F|  |TAMS 0x000000070e600000, 0x000000070e600000| Untracked 
|  81|0x000000070e800000, 0x000000070e800000, 0x000000070ea00000|  0%| F|  |TAMS 0x000000070e800000, 0x000000070e800000| Untracked 
|  82|0x000000070ea00000, 0x000000070ea00000, 0x000000070ec00000|  0%| F|  |TAMS 0x000000070ea00000, 0x000000070ea00000| Untracked 
|  83|0x000000070ec00000, 0x000000070ec00000, 0x000000070ee00000|  0%| F|  |TAMS 0x000000070ec00000, 0x000000070ec00000| Untracked 
|  84|0x000000070ee00000, 0x000000070ee00000, 0x000000070f000000|  0%| F|  |TAMS 0x000000070ee00000, 0x000000070ee00000| Untracked 
|  85|0x000000070f000000, 0x000000070f000000, 0x000000070f200000|  0%| F|  |TAMS 0x000000070f000000, 0x000000070f000000| Untracked 
|  86|0x000000070f200000, 0x000000070f200000, 0x000000070f400000|  0%| F|  |TAMS 0x000000070f200000, 0x000000070f200000| Untracked 
|  87|0x000000070f400000, 0x000000070f400000, 0x000000070f600000|  0%| F|  |TAMS 0x000000070f400000, 0x000000070f400000| Untracked 
|  88|0x000000070f600000, 0x000000070f600000, 0x000000070f800000|  0%| F|  |TAMS 0x000000070f600000, 0x000000070f600000| Untracked 
|  89|0x000000070f800000, 0x000000070f800000, 0x000000070fa00000|  0%| F|  |TAMS 0x000000070f800000, 0x000000070f800000| Untracked 
|  90|0x000000070fa00000, 0x000000070fa00000, 0x000000070fc00000|  0%| F|  |TAMS 0x000000070fa00000, 0x000000070fa00000| Untracked 
|  91|0x000000070fc00000, 0x000000070fc00000, 0x000000070fe00000|  0%| F|  |TAMS 0x000000070fc00000, 0x000000070fc00000| Untracked 
|  92|0x000000070fe00000, 0x000000070fe00000, 0x0000000710000000|  0%| F|  |TAMS 0x000000070fe00000, 0x000000070fe00000| Untracked 
|  93|0x0000000710000000, 0x0000000710000000, 0x0000000710200000|  0%| F|  |TAMS 0x0000000710000000, 0x0000000710000000| Untracked 
|  94|0x0000000710200000, 0x0000000710200000, 0x0000000710400000|  0%| F|  |TAMS 0x0000000710200000, 0x0000000710200000| Untracked 
|  95|0x0000000710400000, 0x0000000710400000, 0x0000000710600000|  0%| F|  |TAMS 0x0000000710400000, 0x0000000710400000| Untracked 
|  96|0x0000000710600000, 0x0000000710600000, 0x0000000710800000|  0%| F|  |TAMS 0x0000000710600000, 0x0000000710600000| Untracked 
|  97|0x0000000710800000, 0x0000000710800000, 0x0000000710a00000|  0%| F|  |TAMS 0x0000000710800000, 0x0000000710800000| Untracked 
|  98|0x0000000710a00000, 0x0000000710a00000, 0x0000000710c00000|  0%| F|  |TAMS 0x0000000710a00000, 0x0000000710a00000| Untracked 
|  99|0x0000000710c00000, 0x0000000710c00000, 0x0000000710e00000|  0%| F|  |TAMS 0x0000000710c00000, 0x0000000710c00000| Untracked 
| 100|0x0000000710e00000, 0x0000000710e00000, 0x0000000711000000|  0%| F|  |TAMS 0x0000000710e00000, 0x0000000710e00000| Untracked 
| 101|0x0000000711000000, 0x0000000711000000, 0x0000000711200000|  0%| F|  |TAMS 0x0000000711000000, 0x0000000711000000| Untracked 
| 102|0x0000000711200000, 0x0000000711200000, 0x0000000711400000|  0%| F|  |TAMS 0x0000000711200000, 0x0000000711200000| Untracked 
| 103|0x0000000711400000, 0x0000000711400000, 0x0000000711600000|  0%| F|  |TAMS 0x0000000711400000, 0x0000000711400000| Untracked 
| 104|0x0000000711600000, 0x0000000711600000, 0x0000000711800000|  0%| F|  |TAMS 0x0000000711600000, 0x0000000711600000| Untracked 
| 105|0x0000000711800000, 0x0000000711800000, 0x0000000711a00000|  0%| F|  |TAMS 0x0000000711800000, 0x0000000711800000| Untracked 
| 106|0x0000000711a00000, 0x0000000711a00000, 0x0000000711c00000|  0%| F|  |TAMS 0x0000000711a00000, 0x0000000711a00000| Untracked 
| 107|0x0000000711c00000, 0x0000000711c00000, 0x0000000711e00000|  0%| F|  |TAMS 0x0000000711c00000, 0x0000000711c00000| Untracked 
| 108|0x0000000711e00000, 0x0000000711e00000, 0x0000000712000000|  0%| F|  |TAMS 0x0000000711e00000, 0x0000000711e00000| Untracked 
| 109|0x0000000712000000, 0x0000000712000000, 0x0000000712200000|  0%| F|  |TAMS 0x0000000712000000, 0x0000000712000000| Untracked 
| 110|0x0000000712200000, 0x0000000712200000, 0x0000000712400000|  0%| F|  |TAMS 0x0000000712200000, 0x0000000712200000| Untracked 
| 111|0x0000000712400000, 0x0000000712400000, 0x0000000712600000|  0%| F|  |TAMS 0x0000000712400000, 0x0000000712400000| Untracked 
| 112|0x0000000712600000, 0x0000000712600000, 0x0000000712800000|  0%| F|  |TAMS 0x0000000712600000, 0x0000000712600000| Untracked 
| 113|0x0000000712800000, 0x0000000712800000, 0x0000000712a00000|  0%| F|  |TAMS 0x0000000712800000, 0x0000000712800000| Untracked 
| 114|0x0000000712a00000, 0x0000000712a00000, 0x0000000712c00000|  0%| F|  |TAMS 0x0000000712a00000, 0x0000000712a00000| Untracked 
| 115|0x0000000712c00000, 0x0000000712c00000, 0x0000000712e00000|  0%| F|  |TAMS 0x0000000712c00000, 0x0000000712c00000| Untracked 
| 116|0x0000000712e00000, 0x0000000712e00000, 0x0000000713000000|  0%| F|  |TAMS 0x0000000712e00000, 0x0000000712e00000| Untracked 
| 117|0x0000000713000000, 0x0000000713000000, 0x0000000713200000|  0%| F|  |TAMS 0x0000000713000000, 0x0000000713000000| Untracked 
| 118|0x0000000713200000, 0x0000000713200000, 0x0000000713400000|  0%| F|  |TAMS 0x0000000713200000, 0x0000000713200000| Untracked 
| 119|0x0000000713400000, 0x0000000713400000, 0x0000000713600000|  0%| F|  |TAMS 0x0000000713400000, 0x0000000713400000| Untracked 
| 120|0x0000000713600000, 0x0000000713600000, 0x0000000713800000|  0%| F|  |TAMS 0x0000000713600000, 0x0000000713600000| Untracked 
| 121|0x0000000713800000, 0x0000000713800000, 0x0000000713a00000|  0%| F|  |TAMS 0x0000000713800000, 0x0000000713800000| Untracked 
| 122|0x0000000713a00000, 0x0000000713a00000, 0x0000000713c00000|  0%| F|  |TAMS 0x0000000713a00000, 0x0000000713a00000| Untracked 
| 123|0x0000000713c00000, 0x0000000713ce2490, 0x0000000713e00000| 44%| E|  |TAMS 0x0000000713c00000, 0x0000000713c00000| Complete 
| 124|0x0000000713e00000, 0x0000000714000000, 0x0000000714000000|100%| E|CS|TAMS 0x0000000713e00000, 0x0000000713e00000| Complete 
| 125|0x0000000714000000, 0x0000000714200000, 0x0000000714200000|100%| E|CS|TAMS 0x0000000714000000, 0x0000000714000000| Complete 

Card table byte_map: [0x00000225f74a0000,0x00000225f7c80000] _byte_map_base: 0x00000225f3c7d000

Marking Bits (Prev, Next): (CMBitMap*) 0x00000225e41156f0, (CMBitMap*) 0x00000225e4115730
 Prev Bits: [0x00000225f8460000, 0x00000225fc348000)
 Next Bits: [0x0000022580000000, 0x0000022583ee8000)

Polling page: 0x00000225e3880000

Metaspace:

Usage:
  Non-class:      9.57 MB used.
      Class:      1.01 MB used.
       Both:     10.57 MB used.

Virtual space:
  Non-class space:       64.00 MB reserved,       9.62 MB ( 15%) committed,  1 nodes.
      Class space:        1.00 GB reserved,       1.06 MB ( <1%) committed,  1 nodes.
             Both:        1.06 GB reserved,      10.69 MB ( <1%) committed. 

Chunk freelists:
   Non-Class:  6.22 MB
       Class:  14.75 MB
        Both:  20.97 MB

MaxMetaspaceSize: unlimited
CompressedClassSpaceSize: 1.00 GB
Initial GC threshold: 21.00 MB
Current GC threshold: 21.00 MB
CDS: off
MetaspaceReclaimPolicy: balanced
 - commit_granule_bytes: 65536.
 - commit_granule_words: 8192.
 - virtual_space_node_default_size: 8388608.
 - enlarge_chunks_in_place: 1.
 - new_chunks_are_fully_committed: 0.
 - uncommit_free_chunks: 1.
 - use_allocation_guard: 0.
 - handle_deallocations: 1.


Internal statistics:

num_allocs_failed_limit: 0.
num_arena_births: 88.
num_arena_deaths: 0.
num_vsnodes_births: 2.
num_vsnodes_deaths: 0.
num_space_committed: 171.
num_space_uncommitted: 0.
num_chunks_returned_to_freelist: 0.
num_chunks_taken_from_freelist: 145.
num_chunk_merges: 0.
num_chunk_splits: 72.
num_chunks_enlarged: 20.
num_inconsistent_stats: 0.

CodeHeap 'non-profiled nmethods': size=120000Kb used=132Kb max_used=132Kb free=119867Kb
 bounds [0x00000225ef240000, 0x00000225ef4b0000, 0x00000225f6770000]
CodeHeap 'profiled nmethods': size=120000Kb used=704Kb max_used=704Kb free=119296Kb
 bounds [0x00000225e7770000, 0x00000225e79e0000, 0x00000225eeca0000]
CodeHeap 'non-nmethods': size=5760Kb used=1192Kb max_used=1206Kb free=4568Kb
 bounds [0x00000225eeca0000, 0x00000225eef10000, 0x00000225ef240000]
 total_blobs=980 nmethods=486 adapters=407
 compilation: enabled
              stopped_count=0, restarted_count=0
 full_count=0

Compilation events (20 events):
Event: 0.236 Thread 0x00000225880b9850  477       3       java.util.Optional::empty (6 bytes)
Event: 0.236 Thread 0x00000225880b9850 nmethod 477 0x00000225e781cc10 code [0x00000225e781cda0, 0x00000225e781ce98]
Event: 0.236 Thread 0x00000225880b9850  478       3       jdk.internal.loader.BuiltinClassLoader::moduleReaderFor (45 bytes)
Event: 0.236 Thread 0x00000225880ad950  483       4       jdk.internal.jimage.ImageStringsReader::unmaskedHashCode (166 bytes)
Event: 0.236 Thread 0x00000225880b9850 nmethod 478 0x00000225e781cf10 code [0x00000225e781d100, 0x00000225e781d818]
Event: 0.236 Thread 0x00000225880b9850  479       3       jdk.internal.module.SystemModuleFinders$SystemImage::reader (4 bytes)
Event: 0.236 Thread 0x00000225880b9850 nmethod 479 0x00000225e781da10 code [0x00000225e781dba0, 0x00000225e781dc98]
Event: 0.236 Thread 0x00000225880b9850  480       3       jdk.internal.jimage.ImageReader::requireOpen (18 bytes)
Event: 0.236 Thread 0x00000225880b9850 nmethod 480 0x00000225e781dd10 code [0x00000225e781dec0, 0x00000225e781e0c8]
Event: 0.236 Thread 0x00000225880b9850  481       3       jdk.internal.jimage.BasicImageReader::getLocationIndex (52 bytes)
Event: 0.236 Thread 0x00000225880b9850 nmethod 481 0x00000225e781e190 code [0x00000225e781e380, 0x00000225e781e818]
Event: 0.237 Thread 0x00000225880b9850  482       3       jdk.internal.module.SystemModuleFinders$SystemModuleReader::find (59 bytes)
Event: 0.237 Thread 0x00000225880b9850 nmethod 482 0x00000225e781ea90 code [0x00000225e781ed40, 0x00000225e781f868]
Event: 0.237 Thread 0x00000225880b9850  484       1       java.lang.reflect.Method::getName (5 bytes)
Event: 0.237 Thread 0x00000225880b9850 nmethod 484 0x00000225ef260510 code [0x00000225ef2606a0, 0x00000225ef260778]
Event: 0.237 Thread 0x00000225880ad950 nmethod 483 0x00000225ef260810 code [0x00000225ef2609a0, 0x00000225ef260b68]
Event: 0.239 Thread 0x00000225880b9850  485       3       sun.nio.fs.WindowsPathParser::isSlash (18 bytes)
Event: 0.239 Thread 0x00000225880b9850 nmethod 485 0x00000225e781fc90 code [0x00000225e781fe20, 0x00000225e781ff98]
Event: 0.240 Thread 0x00000225880ad950  486       4       java.lang.StringLatin1::canEncode (13 bytes)
Event: 0.240 Thread 0x00000225880ad950 nmethod 486 0x00000225ef260d90 code [0x00000225ef260f00, 0x00000225ef260f78]

GC Heap History (0 events):
No events

Dll operation events (6 events):
Event: 0.003 Loaded shared library C:\Users\User\.p2\pool\plugins\org.eclipse.justj.openjdk.hotspot.jre.full.win32.x86_64_17.0.7.v20230425-1502\jre\bin\java.dll
Event: 0.067 Loaded shared library C:\Users\User\.p2\pool\plugins\org.eclipse.justj.openjdk.hotspot.jre.full.win32.x86_64_17.0.7.v20230425-1502\jre\bin\jimage.dll
Event: 0.073 Loaded shared library C:\Users\User\.p2\pool\plugins\org.eclipse.justj.openjdk.hotspot.jre.full.win32.x86_64_17.0.7.v20230425-1502\jre\bin\net.dll
Event: 0.074 Loaded shared library C:\Users\User\.p2\pool\plugins\org.eclipse.justj.openjdk.hotspot.jre.full.win32.x86_64_17.0.7.v20230425-1502\jre\bin\nio.dll
Event: 0.077 Loaded shared library C:\Users\User\.p2\pool\plugins\org.eclipse.justj.openjdk.hotspot.jre.full.win32.x86_64_17.0.7.v20230425-1502\jre\bin\zip.dll
Event: 0.095 Loaded shared library C:\Users\User\.p2\pool\plugins\org.eclipse.justj.openjdk.hotspot.jre.full.win32.x86_64_17.0.7.v20230425-1502\jre\bin\awt.dll

Deoptimization events (8 events):
Event: 0.104 Thread 0x00000225e203b7f0 Uncommon trap: trap_request=0xffffff45 fr.pc=0x00000225ef244784 relative=0x0000000000000084
Event: 0.104 Thread 0x00000225e203b7f0 Uncommon trap: reason=unstable_if action=reinterpret pc=0x00000225ef244784 method=java.lang.String.charAt(I)C @ 4 c2
Event: 0.104 Thread 0x00000225e203b7f0 DEOPT PACKING pc=0x00000225ef244784 sp=0x000000c252ffcec0
Event: 0.104 Thread 0x00000225e203b7f0 DEOPT UNPACKING pc=0x00000225eecf69a3 sp=0x000000c252ffce60 mode 2
Event: 0.206 Thread 0x00000225e203b7f0 Uncommon trap: trap_request=0xffffff45 fr.pc=0x00000225ef24e328 relative=0x00000000000001a8
Event: 0.206 Thread 0x00000225e203b7f0 Uncommon trap: reason=unstable_if action=reinterpret pc=0x00000225ef24e328 method=java.lang.String.hashCode()I @ 20 c2
Event: 0.206 Thread 0x00000225e203b7f0 DEOPT PACKING pc=0x00000225ef24e328 sp=0x000000c252ffd6e0
Event: 0.206 Thread 0x00000225e203b7f0 DEOPT UNPACKING pc=0x00000225eecf69a3 sp=0x000000c252ffd670 mode 2

Classes unloaded (0 events):
No events

Classes redefined (0 events):
No events

Internal exceptions (10 events):
Event: 0.089 Thread 0x00000225e203b7f0 Exception <a 'java/lang/ClassNotFoundException'{0x0000000713e016e0}: sun/awt/resources/spi/awtProvider> (0x0000000713e016e0) 
thrown [s\src\hotspot\share\classfile\systemDictionary.cpp, line 256]
Event: 0.104 Thread 0x00000225e203b7f0 Exception <a 'java/io/FileNotFoundException'{0x0000000713e5b958}> (0x0000000713e5b958) 
thrown [s\src\hotspot\share\prims\jni.cpp, line 516]
Event: 0.108 Thread 0x00000225e203b7f0 Exception <a 'java/io/FileNotFoundException'{0x0000000713e88cf0}> (0x0000000713e88cf0) 
thrown [s\src\hotspot\share\prims\jni.cpp, line 516]
Event: 0.133 Thread 0x00000225e203b7f0 Exception <a 'java/lang/NoSuchMethodError'{0x0000000713eda980}: 'java.lang.Object java.lang.invoke.DirectMethodHandle$Holder.invokeStaticInit(java.lang.Object)'> (0x0000000713eda980) 
thrown [s\src\hotspot\share\interpreter\linkResolver.cpp, line 759]
Event: 0.210 Thread 0x00000225e203b7f0 Exception <a 'java/lang/NoSuchMethodError'{0x0000000713f24a10}: 'void java.lang.invoke.DirectMethodHandle$Holder.invokeSpecial(java.lang.Object, java.lang.Object, java.lang.Object)'> (0x0000000713f24a10) 
thrown [s\src\hotspot\share\interpreter\linkResolver.cpp, line 759]
Event: 0.214 Thread 0x00000225e203b7f0 Exception <a 'java/lang/NoSuchMethodError'{0x0000000713f4ec98}: 'java.lang.Object java.lang.invoke.DirectMethodHandle$Holder.newInvokeSpecial(java.lang.Object, java.lang.Object, java.lang.Object, java.lang.Object, java.lang.Object)'> (0x0000000713f4ec98) 
thrown [s\src\hotspot\share\interpreter\linkResolver.cpp, line 759]
Event: 0.215 Thread 0x00000225e203b7f0 Exception <a 'java/lang/NoSuchMethodError'{0x0000000713fcb6c0}: 'java.lang.Object java.lang.invoke.DirectMethodHandle$Holder.invokeStatic(java.lang.Object, int, java.lang.Object, java.lang.Object, java.lang.Object, java.lang.Object)'> (0x0000000713fcb6c0) 
thrown [s\src\hotspot\share\interpreter\linkResolver.cpp, line 759]
Event: 0.217 Thread 0x00000225e203b7f0 Exception <a 'java/lang/NoSuchMethodError'{0x0000000713ff0e80}: 'java.lang.Object java.lang.invoke.DirectMethodHandle$Holder.invokeStatic(java.lang.Object, int, java.lang.Object)'> (0x0000000713ff0e80) 
thrown [s\src\hotspot\share\interpreter\linkResolver.cpp, line 759]
Event: 0.227 Thread 0x00000225e203b7f0 Exception <a 'java/lang/ClassNotFoundException'{0x0000000713ca91f8}: com/sun/swing/internal/plaf/metal/resources/spi/metalProvider> (0x0000000713ca91f8) 
thrown [s\src\hotspot\share\classfile\systemDictionary.cpp, line 256]
Event: 0.228 Thread 0x00000225e203b7f0 Exception <a 'java/lang/ClassNotFoundException'{0x0000000713cadc40}: com/sun/swing/internal/plaf/basic/resources/spi/basicProvider> (0x0000000713cadc40) 
thrown [s\src\hotspot\share\classfile\systemDictionary.cpp, line 256]

VM Operations (4 events):
Event: 0.227 Executing VM operation: HandshakeAllThreads
Event: 0.227 Executing VM operation: HandshakeAllThreads done
Event: 0.234 Executing VM operation: HandshakeAllThreads
Event: 0.234 Executing VM operation: HandshakeAllThreads done

Events (20 events):
Event: 0.239 loading class sun/security/jca/ProviderList done
Event: 0.239 loading class sun/security/jca/ProviderConfig
Event: 0.239 loading class sun/security/jca/ProviderConfig done
Event: 0.239 loading class java/security/Provider
Event: 0.240 loading class java/security/Provider done
Event: 0.240 loading class sun/security/jca/ProviderList$3
Event: 0.240 loading class sun/security/jca/ProviderList$3 done
Event: 0.240 loading class sun/security/jca/ProviderList$1
Event: 0.240 loading class sun/security/jca/ProviderList$1 done
Event: 0.240 loading class java/security/Provider$ServiceKey
Event: 0.240 loading class java/security/Provider$ServiceKey done
Event: 0.240 loading class java/security/Provider$EngineDescription
Event: 0.240 loading class java/security/Provider$EngineDescription done
Event: 0.240 loading class jdk/internal/math/FloatingDecimal
Event: 0.240 loading class jdk/internal/math/FloatingDecimal done
Event: 0.240 loading class jdk/internal/math/FloatingDecimal$ExceptionalBinaryToASCIIBuffer
Event: 0.240 loading class jdk/internal/math/FloatingDecimal$BinaryToASCIIConverter
Event: 0.240 loading class jdk/internal/math/FloatingDecimal$BinaryToASCIIConverter done
Event: 0.240 loading class jdk/internal/math/FloatingDecimal$ExceptionalBinaryToASCIIBuffer done
Event: 0.240 loading class jdk/internal/math/FloatingDecimal$BinaryToASCIIBuffer


Dynamic libraries:
0x00007ff7546f0000 - 0x00007ff7546fe000 	C:\Users\User\.p2\pool\plugins\org.eclipse.justj.openjdk.hotspot.jre.full.win32.x86_64_17.0.7.v20230425-1502\jre\bin\javaw.exe
0x00007ffb699f0000 - 0x00007ffb69be8000 	C:\Windows\SYSTEM32\ntdll.dll
0x00007ffb69820000 - 0x00007ffb698df000 	C:\Windows\System32\KERNEL32.DLL
0x00007ffb67490000 - 0x00007ffb67786000 	C:\Windows\System32\KERNELBASE.dll
0x00007ffb670d0000 - 0x00007ffb671d0000 	C:\Windows\System32\ucrtbase.dll
0x00007ffb621a0000 - 0x00007ffb621b7000 	C:\Users\User\.p2\pool\plugins\org.eclipse.justj.openjdk.hotspot.jre.full.win32.x86_64_17.0.7.v20230425-1502\jre\bin\jli.dll
0x00007ffb5e640000 - 0x00007ffb5e659000 	C:\Users\User\.p2\pool\plugins\org.eclipse.justj.openjdk.hotspot.jre.full.win32.x86_64_17.0.7.v20230425-1502\jre\bin\VCRUNTIME140.dll
0x00007ffb68c90000 - 0x00007ffb68e2d000 	C:\Windows\System32\USER32.dll
0x00007ffb67a20000 - 0x00007ffb67a42000 	C:\Windows\System32\win32u.dll
0x00007ffb698e0000 - 0x00007ffb6990c000 	C:\Windows\System32\GDI32.dll
0x00007ffb53400000 - 0x00007ffb5369a000 	C:\Windows\WinSxS\amd64_microsoft.windows.common-controls_6595b64144ccf1df_6.0.19041.1110_none_60b5254171f9507e\COMCTL32.dll
0x00007ffb67900000 - 0x00007ffb67a15000 	C:\Windows\System32\gdi32full.dll
0x00007ffb696d0000 - 0x00007ffb6976e000 	C:\Windows\System32\msvcrt.dll
0x00007ffb67260000 - 0x00007ffb672fd000 	C:\Windows\System32\msvcp_win.dll
0x00007ffb68a40000 - 0x00007ffb68a70000 	C:\Windows\System32\IMM32.DLL
0x00007ffb62f70000 - 0x00007ffb62f7c000 	C:\Users\User\.p2\pool\plugins\org.eclipse.justj.openjdk.hotspot.jre.full.win32.x86_64_17.0.7.v20230425-1502\jre\bin\vcruntime140_1.dll
0x00007ffb5da10000 - 0x00007ffb5daa1000 	C:\Users\User\.p2\pool\plugins\org.eclipse.justj.openjdk.hotspot.jre.full.win32.x86_64_17.0.7.v20230425-1502\jre\bin\msvcp140.dll
0x00007ffadff80000 - 0x00007ffae0bc8000 	C:\Users\User\.p2\pool\plugins\org.eclipse.justj.openjdk.hotspot.jre.full.win32.x86_64_17.0.7.v20230425-1502\jre\bin\server\jvm.dll
0x00007ffb69460000 - 0x00007ffb6950f000 	C:\Windows\System32\ADVAPI32.dll
0x00007ffb69910000 - 0x00007ffb699ac000 	C:\Windows\System32\sechost.dll
0x00007ffb67a80000 - 0x00007ffb67ba6000 	C:\Windows\System32\RPCRT4.dll
0x00007ffb4f420000 - 0x00007ffb4f429000 	C:\Windows\SYSTEM32\WSOCK32.dll
0x00007ffb60290000 - 0x00007ffb602b7000 	C:\Windows\SYSTEM32\WINMM.dll
0x00007ffb611f0000 - 0x00007ffb611fa000 	C:\Windows\SYSTEM32\VERSION.dll
0x00007ffb68a70000 - 0x00007ffb68adb000 	C:\Windows\System32\WS2_32.dll
0x00007ffb64fa0000 - 0x00007ffb64fb2000 	C:\Windows\SYSTEM32\kernel.appcore.dll
0x00007ffb55fa0000 - 0x00007ffb55faa000 	C:\Users\User\.p2\pool\plugins\org.eclipse.justj.openjdk.hotspot.jre.full.win32.x86_64_17.0.7.v20230425-1502\jre\bin\jimage.dll
0x00007ffb54420000 - 0x00007ffb54604000 	C:\Windows\SYSTEM32\DBGHELP.DLL
0x00007ffb505f0000 - 0x00007ffb50624000 	C:\Windows\SYSTEM32\dbgcore.DLL
0x00007ffb671d0000 - 0x00007ffb67252000 	C:\Windows\System32\bcryptPrimitives.dll
0x00007ffae4070000 - 0x00007ffae4095000 	C:\Users\User\.p2\pool\plugins\org.eclipse.justj.openjdk.hotspot.jre.full.win32.x86_64_17.0.7.v20230425-1502\jre\bin\java.dll
0x00007ffae4050000 - 0x00007ffae4068000 	C:\Users\User\.p2\pool\plugins\org.eclipse.justj.openjdk.hotspot.jre.full.win32.x86_64_17.0.7.v20230425-1502\jre\bin\zip.dll
0x00007ffb67d00000 - 0x00007ffb68444000 	C:\Windows\System32\SHELL32.dll
0x00007ffb651a0000 - 0x00007ffb65934000 	C:\Windows\SYSTEM32\windows.storage.dll
0x00007ffb69100000 - 0x00007ffb69454000 	C:\Windows\System32\combase.dll
0x00007ffb66b10000 - 0x00007ffb66b3e000 	C:\Windows\SYSTEM32\Wldp.dll
0x00007ffb69050000 - 0x00007ffb690fd000 	C:\Windows\System32\SHCORE.dll
0x00007ffb68ae0000 - 0x00007ffb68b35000 	C:\Windows\System32\shlwapi.dll
0x00007ffb67000000 - 0x00007ffb67025000 	C:\Windows\SYSTEM32\profapi.dll
0x00007ffae4030000 - 0x00007ffae4049000 	C:\Users\User\.p2\pool\plugins\org.eclipse.justj.openjdk.hotspot.jre.full.win32.x86_64_17.0.7.v20230425-1502\jre\bin\net.dll
0x00007ffb603f0000 - 0x00007ffb604fa000 	C:\Windows\SYSTEM32\WINHTTP.dll
0x00007ffb66870000 - 0x00007ffb668da000 	C:\Windows\system32\mswsock.dll
0x00007ffae4010000 - 0x00007ffae4025000 	C:\Users\User\.p2\pool\plugins\org.eclipse.justj.openjdk.hotspot.jre.full.win32.x86_64_17.0.7.v20230425-1502\jre\bin\nio.dll
0x00007ffb310d0000 - 0x00007ffb3125e000 	C:\Users\User\.p2\pool\plugins\org.eclipse.justj.openjdk.hotspot.jre.full.win32.x86_64_17.0.7.v20230425-1502\jre\bin\awt.dll
0x00007ffb68bc0000 - 0x00007ffb68c8d000 	C:\Windows\System32\OLEAUT32.dll
0x00007ffb648d0000 - 0x00007ffb64961000 	C:\Windows\SYSTEM32\apphelp.dll
0x00007ffb64dc0000 - 0x00007ffb64def000 	C:\Windows\system32\DWMAPI.DLL
0x00007ffb64ad0000 - 0x00007ffb64b6e000 	C:\Windows\system32\uxtheme.dll
0x00007ffb5d390000 - 0x00007ffb5d4b5000 	C:\Windows\system32\opengl32.dll
0x00007ffb5d2f0000 - 0x00007ffb5d31c000 	C:\Windows\SYSTEM32\GLU32.dll
0x00007ffb68920000 - 0x00007ffb68a34000 	C:\Windows\System32\MSCTF.dll
0x00007ffb68e40000 - 0x00007ffb68f6a000 	C:\Windows\System32\ole32.dll
0x00007ffafeef0000 - 0x00007ffaff0bd000 	C:\Windows\system32\d3d9.dll
0x00007ffb5e450000 - 0x00007ffb5e50d000 	C:\Windows\System32\DriverStore\FileRepository\nv_dispig.inf_amd64_19f3764f95906f94\nvldumdx.dll
0x00007ffb66ca0000 - 0x00007ffb66cb2000 	C:\Windows\SYSTEM32\msasn1.dll
0x00007ffb60d80000 - 0x00007ffb60db1000 	C:\Windows\SYSTEM32\cryptnet.dll
0x00007ffb67330000 - 0x00007ffb6748e000 	C:\Windows\System32\CRYPT32.dll
0x00007ffb60c30000 - 0x00007ffb60d78000 	C:\Windows\SYSTEM32\drvstore.dll
0x00007ffb66e60000 - 0x00007ffb66e93000 	C:\Windows\SYSTEM32\devobj.dll
0x00007ffb678b0000 - 0x00007ffb678fe000 	C:\Windows\System32\cfgmgr32.dll
0x00007ffb66a80000 - 0x00007ffb66a8c000 	C:\Windows\SYSTEM32\cryptbase.dll
0x00007ffb67790000 - 0x00007ffb677f7000 	C:\Windows\System32\WINTRUST.DLL
0x00007ffb67a60000 - 0x00007ffb67a7d000 	C:\Windows\System32\imagehlp.dll
0x00007ffb66a60000 - 0x00007ffb66a78000 	C:\Windows\SYSTEM32\CRYPTSP.dll
0x00007ffb66120000 - 0x00007ffb66154000 	C:\Windows\system32\rsaenh.dll
0x00007ffb67300000 - 0x00007ffb67327000 	C:\Windows\System32\bcrypt.dll
0x00007ffaf6d40000 - 0x00007ffaf9c36000 	C:\Windows\System32\DriverStore\FileRepository\nv_dispig.inf_amd64_19f3764f95906f94\nvd3dumx.dll

dbghelp: loaded successfully - version: 4.0.5 - missing functions: none
symbol engine: initialized successfully - sym options: 0x614 - pdb path: .;C:\Users\User\.p2\pool\plugins\org.eclipse.justj.openjdk.hotspot.jre.full.win32.x86_64_17.0.7.v20230425-1502\jre\bin;C:\Windows\SYSTEM32;C:\Windows\WinSxS\amd64_microsoft.windows.common-controls_6595b64144ccf1df_6.0.19041.1110_none_60b5254171f9507e;C:\Users\User\.p2\pool\plugins\org.eclipse.justj.openjdk.hotspot.jre.full.win32.x86_64_17.0.7.v20230425-1502\jre\bin\server;C:\Windows\System32\DriverStore\FileRepository\nv_dispig.inf_amd64_19f3764f95906f94

VM Arguments:
jvm_args: -Dfile.encoding=UTF-8 -XX:+ShowCodeDetailsInExceptionMessages 
java_command: org.sp.tproject.main.view.MainFrame
java_class_path (initial): D:\morning\javase_workspace\pomo\bin;D:\morning\javase_workspace\pomo\lib\activation-1.0.2.jar;D:\morning\javase_workspace\pomo\lib\javax.mail-1.5.5.jar;D:\morning\javase_workspace\pomo\lib\ojdbc6.jar
Launcher Type: SUN_STANDARD

[Global flags]
     intx CICompilerCount                          = 4                                         {product} {ergonomic}
     uint ConcGCThreads                            = 3                                         {product} {ergonomic}
     uint G1ConcRefinementThreads                  = 10                                        {product} {ergonomic}
   size_t G1HeapRegionSize                         = 2097152                                   {product} {ergonomic}
    uintx GCDrainStackTargetSize                   = 64                                        {product} {ergonomic}
   size_t InitialHeapSize                          = 264241152                                 {product} {ergonomic}
   size_t MarkStackSize                            = 4194304                                   {product} {ergonomic}
   size_t MaxHeapSize                              = 4221566976                                {product} {ergonomic}
   size_t MaxNewSize                               = 2531262464                                {product} {ergonomic}
   size_t MinHeapDeltaBytes                        = 2097152                                   {product} {ergonomic}
   size_t MinHeapSize                              = 8388608                                   {product} {ergonomic}
    uintx NonNMethodCodeHeapSize                   = 5839372                                {pd product} {ergonomic}
    uintx NonProfiledCodeHeapSize                  = 122909434                              {pd product} {ergonomic}
    uintx ProfiledCodeHeapSize                     = 122909434                              {pd product} {ergonomic}
    uintx ReservedCodeCacheSize                    = 251658240                              {pd product} {ergonomic}
     bool SegmentedCodeCache                       = true                                      {product} {ergonomic}
     bool ShowCodeDetailsInExceptionMessages       = true                                   {manageable} {command line}
   size_t SoftMaxHeapSize                          = 4221566976                             {manageable} {ergonomic}
     bool UseCompressedClassPointers               = true                           {product lp64_product} {ergonomic}
     bool UseCompressedOops                        = true                           {product lp64_product} {ergonomic}
     bool UseG1GC                                  = true                                      {product} {ergonomic}
     bool UseLargePagesIndividualAllocation        = false                                  {pd product} {ergonomic}

Logging:
Log output configuration:
 #0: stdout all=warning uptime,level,tags
 #1: stderr all=off uptime,level,tags

Environment Variables:
CLASSPATH=.;D:\morning\javase_workspace\project0713\bin;D:\morning\javase_workspace\project0705\bin;D:\java_workspace\app0623\bin;D:\java_workspace\project0621\classes;D:\java_workspace\test0620\classes;D:\java_workspace\packagetest\bin;D:\java_workspace\study0620\bin;D:\java_workspace\day0620\bin;D:\java_workspace\app0620\bin;D:\morning\javase_workspace\project0713\lib\mysql-connector-java-5.1.49.jar;C:\oraclexe\app\oracle\product\11.2.0\server\jdbc\lib\ojdbc6.jar;
PATH=C:/Users/User/.p2/pool/plugins/org.eclipse.justj.openjdk.hotspot.jre.full.win32.x86_64_17.0.7.v20230425-1502/jre/bin/server;C:/Users/User/.p2/pool/plugins/org.eclipse.justj.openjdk.hotspot.jre.full.win32.x86_64_17.0.7.v20230425-1502/jre/bin;C:\jdk-11.0.0.1\bin;C:\mysql-5.7.42-winx64_binary\mysql-5.7.42-winx64\bin;D:\java_workspace\project0605;C:\oraclexe\app\oracle\product\11.2.0\server\bin;C:\Windows\system32;C:\Windows;C:\Windows\System32\Wbem;C:\Windows\System32\WindowsPowerShell\v1.0\;C:\Windows\System32\OpenSSH\;C:\Program Files\Git\cmd;C:\Users\User\AppData\Local\Microsoft\WindowsApps;;C:\Users\User\AppData\Local\Programs\Microsoft VS Code\bin;C:\Program Files (x86)\ESTsoft\ALSee\x64;C:\Windows\System32;
USERNAME=User
OS=Windows_NT
PROCESSOR_IDENTIFIER=Intel64 Family 6 Model 151 Stepping 2, GenuineIntel
TMP=C:\Users\User\AppData\Local\Temp
TEMP=C:\Users\User\AppData\Local\Temp



---------------  S Y S T E M  ---------------

OS:
 Windows 10 , 64 bit Build 19041 (10.0.19041.3155)
OS uptime: 24 days 7:18 hours

CPU: total 12 (initial active 12) (6 cores per cpu, 2 threads per core) family 6 model 151 stepping 2 microcode 0x1e, cx8, cmov, fxsr, ht, mmx, 3dnowpref, sse, sse2, sse3, ssse3, sse4.1, sse4.2, popcnt, lzcnt, tsc, tscinvbit, avx, avx2, aes, erms, clmul, bmi1, bmi2, adx, sha, fma, vzeroupper, clflush, clflushopt, clwb

Memory: 4k page, system-wide physical 16099M (2589M free)
TotalPageFile size 65251M (AvailPageFile size 3M)
current process WorkingSet (physical memory assigned to process): 56M, peak: 56M
current process commit charge ("private bytes"): 355M, peak: 355M

vm_info: OpenJDK 64-Bit Server VM (17.0.7+7) for windows-amd64 JRE (17.0.7+7), built on Apr 18 2023 22:10:42 by "temurin" with MS VC++ 16.7 (VS2019)

END.
